<?xml version="1.0" encoding="UTF-8"?>
<testng-results ignored="0" total="3" passed="3" failed="0" skipped="0">
  <reporter-output>
    <line>
      <![CDATA[Login Success]]>
    </line>
    <line>
      <![CDATA[Navigation to Tasks Tab is Success]]>
    </line>
    <line>
      <![CDATA[Add New Button Clicked......]]>
    </line>
    <line>
      <![CDATA[New Customer Button Clicked......]]>
    </line>
    <line>
      <![CDATA[Customer Name Entered Successfully......]]>
    </line>
    <line>
      <![CDATA[New Customer Created......]]>
    </line>
    <line>
      <![CDATA[Customer Created Success]]>
    </line>
    <line>
      <![CDATA[Logout is Success]]>
    </line>
    <line>
      <![CDATA[Login Success]]>
    </line>
    <line>
      <![CDATA[Reports tab Clicked......]]>
    </line>
    <line>
      <![CDATA[New Button Clicked and Navigated to Next Page......]]>
    </line>
    <line>
      <![CDATA[Time Track Button Clicked......]]>
    </line>
    <line>
      <![CDATA[Configuration Reports Parameters Clicked......]]>
    </line>
    <line>
      <![CDATA[Check Box Clicked......]]>
    </line>
    <line>
      <![CDATA[Report Created Successfully]]>
    </line>
    <line>
      <![CDATA[Logout is Success]]>
    </line>
    <line>
      <![CDATA[Login Success]]>
    </line>
    <line>
      <![CDATA[User tab Clicked......]]>
    </line>
    <line>
      <![CDATA[New User Button Clicked and Navigated to Next Page......]]>
    </line>
    <line>
      <![CDATA[Customer First Name Entered......]]>
    </line>
    <line>
      <![CDATA[Customer Last Name Entered......]]>
    </line>
    <line>
      <![CDATA[Customer Email Entered......]]>
    </line>
    <line>
      <![CDATA[Clicked on Saved Send Invitaion......]]>
    </line>
    <line>
      <![CDATA[Cancel cross Button clicked Successfully......]]>
    </line>
    <line>
      <![CDATA[User Created Successfully]]>
    </line>
    <line>
      <![CDATA[Logout is Success]]>
    </line>
  </reporter-output>
  <suite started-at="2022-08-15T00:47:43 IST" name="Suite" finished-at="2022-08-15T00:48:28 IST" duration-ms="44972">
    <groups>
    </groups>
    <test started-at="2022-08-15T00:47:43 IST" name="Test" finished-at="2022-08-15T00:48:28 IST" duration-ms="44972">
      <class name="testScripts.NewTest">
        <test-method is-config="true" signature="launchBrowser(java.lang.String)[pri:0, instance:testScripts.NewTest@4d465b11]" started-at="2022-08-15T00:47:43 IST" name="launchBrowser" finished-at="2022-08-15T00:47:55 IST" duration-ms="11754" status="PASS">
          <params>
            <param index="0">
              <value>
                <![CDATA[Chrome]]>
              </value>
            </param>
          </params>
          <reporter-output>
          </reporter-output>
        </test-method> <!-- launchBrowser -->
        <test-method is-config="true" signature="loginToApp()[pri:0, instance:testScripts.NewTest@4d465b11]" started-at="2022-08-15T00:47:55 IST" name="loginToApp" finished-at="2022-08-15T00:48:00 IST" duration-ms="4671" status="PASS">
          <reporter-output>
            <line>
              <![CDATA[Login Success]]>
            </line>
          </reporter-output>
        </test-method> <!-- loginToApp -->
        <test-method signature="createCustomerTest()[pri:1, instance:testScripts.NewTest@4d465b11]" started-at="2022-08-15T00:48:00 IST" name="createCustomerTest" finished-at="2022-08-15T00:48:05 IST" duration-ms="5133" status="PASS">
          <reporter-output>
            <line>
              <![CDATA[Navigation to Tasks Tab is Success]]>
            </line>
            <line>
              <![CDATA[Add New Button Clicked......]]>
            </line>
            <line>
              <![CDATA[New Customer Button Clicked......]]>
            </line>
            <line>
              <![CDATA[Customer Name Entered Successfully......]]>
            </line>
            <line>
              <![CDATA[New Customer Created......]]>
            </line>
            <line>
              <![CDATA[Customer Created Success]]>
            </line>
          </reporter-output>
        </test-method> <!-- createCustomerTest -->
        <test-method is-config="true" signature="logOutFromApp()[pri:0, instance:testScripts.NewTest@4d465b11]" started-at="2022-08-15T00:48:05 IST" name="logOutFromApp" finished-at="2022-08-15T00:48:07 IST" duration-ms="1902" status="PASS">
          <reporter-output>
            <line>
              <![CDATA[Logout is Success]]>
            </line>
          </reporter-output>
        </test-method> <!-- logOutFromApp -->
        <test-method is-config="true" signature="loginToApp()[pri:0, instance:testScripts.NewTest@4d465b11]" started-at="2022-08-15T00:48:07 IST" name="loginToApp" finished-at="2022-08-15T00:48:10 IST" duration-ms="2617" status="PASS">
          <reporter-output>
            <line>
              <![CDATA[Login Success]]>
            </line>
          </reporter-output>
        </test-method> <!-- loginToApp -->
        <test-method signature="createReportTest()[pri:2, instance:testScripts.NewTest@4d465b11]" started-at="2022-08-15T00:48:10 IST" name="createReportTest" finished-at="2022-08-15T00:48:18 IST" duration-ms="8400" status="PASS">
          <reporter-output>
            <line>
              <![CDATA[Reports tab Clicked......]]>
            </line>
            <line>
              <![CDATA[New Button Clicked and Navigated to Next Page......]]>
            </line>
            <line>
              <![CDATA[Time Track Button Clicked......]]>
            </line>
            <line>
              <![CDATA[Configuration Reports Parameters Clicked......]]>
            </line>
            <line>
              <![CDATA[Check Box Clicked......]]>
            </line>
            <line>
              <![CDATA[Report Created Successfully]]>
            </line>
          </reporter-output>
        </test-method> <!-- createReportTest -->
        <test-method is-config="true" signature="logOutFromApp()[pri:0, instance:testScripts.NewTest@4d465b11]" started-at="2022-08-15T00:48:18 IST" name="logOutFromApp" finished-at="2022-08-15T00:48:20 IST" duration-ms="2078" status="PASS">
          <reporter-output>
            <line>
              <![CDATA[Logout is Success]]>
            </line>
          </reporter-output>
        </test-method> <!-- logOutFromApp -->
        <test-method is-config="true" signature="loginToApp()[pri:0, instance:testScripts.NewTest@4d465b11]" started-at="2022-08-15T00:48:20 IST" name="loginToApp" finished-at="2022-08-15T00:48:22 IST" duration-ms="2084" status="PASS">
          <reporter-output>
            <line>
              <![CDATA[Login Success]]>
            </line>
          </reporter-output>
        </test-method> <!-- loginToApp -->
        <test-method signature="createUsersTest()[pri:3, instance:testScripts.NewTest@4d465b11]" started-at="2022-08-15T00:48:22 IST" name="createUsersTest" finished-at="2022-08-15T00:48:27 IST" duration-ms="4188" status="PASS">
          <reporter-output>
            <line>
              <![CDATA[User tab Clicked......]]>
            </line>
            <line>
              <![CDATA[New User Button Clicked and Navigated to Next Page......]]>
            </line>
            <line>
              <![CDATA[Customer First Name Entered......]]>
            </line>
            <line>
              <![CDATA[Customer Last Name Entered......]]>
            </line>
            <line>
              <![CDATA[Customer Email Entered......]]>
            </line>
            <line>
              <![CDATA[Clicked on Saved Send Invitaion......]]>
            </line>
            <line>
              <![CDATA[Cancel cross Button clicked Successfully......]]>
            </line>
            <line>
              <![CDATA[User Created Successfully]]>
            </line>
          </reporter-output>
        </test-method> <!-- createUsersTest -->
        <test-method is-config="true" signature="logOutFromApp()[pri:0, instance:testScripts.NewTest@4d465b11]" started-at="2022-08-15T00:48:27 IST" name="logOutFromApp" finished-at="2022-08-15T00:48:28 IST" duration-ms="1351" status="PASS">
          <reporter-output>
            <line>
              <![CDATA[Logout is Success]]>
            </line>
          </reporter-output>
        </test-method> <!-- logOutFromApp -->
        <test-method is-config="true" signature="tearDown()[pri:0, instance:testScripts.NewTest@4d465b11]" started-at="2022-08-15T00:48:28 IST" name="tearDown" finished-at="2022-08-15T00:48:28 IST" duration-ms="156" status="PASS">
          <reporter-output>
          </reporter-output>
        </test-method> <!-- tearDown -->
      </class> <!-- testScripts.NewTest -->
    </test> <!-- Test -->
  </suite> <!-- Suite -->
</testng-results>
